
[2024-03-06T09:56:20.573Z] Not a project directory (or any of the parent directories): C:\Users\101798\OneDrive - UNIPHORE SOFTWARE SYSTEMS PVT LTD\withoutStoring_mand_folder - Copy

[2024-03-06T09:56:20.574Z] 
See .garden/error.log for detailed error message

[2024-03-06T10:05:03.141Z] A new version of Garden has been released (0.13.27).
Please use the "garden self-update" command or re-run the installation script to upgrade to the latest version.

[2024-03-06T10:05:03.213Z] You're already logged in to https://app.garden.io.

[2024-03-06T10:05:14.487Z] Unable to load Garden project found at C:\Users\101798\OneDrive - UNIPHORE SOFTWARE SYSTEMS PVT LTD\withoutStoring_mand_folder - Copy: Error: Path C:\Users\101798\OneDrive - UNIPHORE SOFTWARE SYSTEMS PVT LTD\withoutStoring_mand_folder - Copy is not in a git repository root. Garden must be run from within a git repo. Please run `git init` if you're starting a new project and repository, or move the project to an existing repository, and try again.

[2024-03-06T10:05:14.515Z] Garden server has successfully started at port 9777


[2024-03-06T10:05:19.167Z] 
┈┈┈┈┈┈┈┈┈┈┈┈┈┈┈┈┈┈┈┈┈┈┈┈┈┈┈┈┈┈┈┈┈┈┈┈┈┈┈┈┈ Running deploy command... ┈┈┈┈┈┈┈┈┈┈┈┈┈┈┈┈┈┈┈┈┈┈┈┈┈┈┈┈┈┈┈┈┈┈┈┈┈┈┈┈┈

[2024-03-06T10:05:19.580Z] Connecting project...

[2024-03-06T10:05:20.049Z] Ready

[2024-03-06T10:05:20.156Z] Path C:\Users\101798\OneDrive - UNIPHORE SOFTWARE SYSTEMS PVT LTD\withoutStoring_mand_folder - Copy is not in a git repository root. Garden must be run from within a git repo. Please run `git init` if you're starting a new project and repository, or move the project to an existing repository, and try again.

[2024-03-06T10:06:51.021Z] 
┈┈┈┈┈┈┈┈┈┈┈┈┈┈┈┈┈┈┈┈┈┈┈┈┈┈┈┈┈┈┈┈┈┈┈┈┈┈┈┈┈ Running deploy command... ┈┈┈┈┈┈┈┈┈┈┈┈┈┈┈┈┈┈┈┈┈┈┈┈┈┈┈┈┈┈┈┈┈┈┈┈┈┈┈┈┈

[2024-03-06T10:06:51.643Z] Connecting project...

[2024-03-06T10:06:52.317Z] Ready

[2024-03-06T10:06:53.304Z] View command results at: https://app.garden.io/go/command/YoLHS6MPWu

[2024-03-06T10:06:53.538Z] Resolving providers...

[2024-03-06T10:06:53.810Z] Configuring provider...

[2024-03-06T10:06:53.822Z] Provider configured

[2024-03-06T10:06:53.830Z] Provider ready

[2024-03-06T10:06:53.842Z] Configuring provider...

[2024-03-06T10:06:57.846Z] Using current context: minikube

[2024-03-06T10:07:00.748Z] Provider configured

[2024-03-06T10:07:00.925Z] Ensuring nginx Ingress Controller...

[2024-03-06T10:07:01.071Z] nginx Ingress Controller ready

[2024-03-06T10:07:01.072Z] Not ready, will initialize

[2024-03-06T10:07:01.247Z] Enabling minikube ingress controller addon

[2024-03-06T10:07:24.381Z] [kubernetes] Waiting for resources to be ready...

[2024-03-06T10:07:26.489Z] [kubernetes] Deployment/ingress-nginx-controller: RELOAD NGINX reload triggered due to a change in configuration

[2024-03-06T10:07:44.302Z] [kubernetes] Resources ready

[2024-03-06T10:07:47.802Z] Provider ready

[2024-03-06T10:07:47.807Z] Finished resolving providers (took 54.3 sec)

[2024-03-06T10:07:47.808Z] Resolving actions and modules...

[2024-03-06T10:07:48.539Z] Error validating container Deploy wsmfc 'wsmfc':

...
24  | type: container
25  | dependencies: ["wsmfc.hello"]
---------------------^
Could not parse "wsmfc.hello" as a valid action reference. An action reference should be a "<kind>.<name>" string, where <kind> is one of 'build', 'deploy', 'run' or 'test' and <name> is a valid name of an action. You may also specify an object with separate kind and name fields.

[2024-03-06T10:07:48.540Z] ┈┈┈┈┈┈┈┈┈┈┈┈┈┈┈┈┈┈┈┈┈┈┈┈┈┈┈┈┈┈┈┈┈┈┈┈┈┈┈┈┈┈┈┈┈┈┈┈┈┈┈┈┈┈┈┈┈┈┈┈┈┈┈┈┈┈┈┈┈┈┈┈┈┈┈┈┈┈┈┈┈┈┈┈┈┈┈┈┈┈┈┈┈┈┈┈┈┈┈┈┈┈┈┈┈┈┈┈

[2024-03-06T10:08:52.754Z] Config change detected. Project will be reloaded when the next command is run.

[2024-03-06T10:09:14.706Z] 
┈┈┈┈┈┈┈┈┈┈┈┈┈┈┈┈┈┈┈┈┈┈┈┈┈┈┈┈┈┈┈┈┈┈┈┈┈┈┈┈┈ Running deploy command... ┈┈┈┈┈┈┈┈┈┈┈┈┈┈┈┈┈┈┈┈┈┈┈┈┈┈┈┈┈┈┈┈┈┈┈┈┈┈┈┈┈

[2024-03-06T10:09:15.388Z] Connecting project...

[2024-03-06T10:09:15.974Z] Ready

[2024-03-06T10:09:16.339Z] View command results at: https://app.garden.io/go/command/CmR3yoh04F

[2024-03-06T10:09:16.757Z] Resolving providers...

[2024-03-06T10:09:16.809Z] Configuring provider...

[2024-03-06T10:09:16.818Z] Provider configured

[2024-03-06T10:09:16.824Z] Provider status cached

[2024-03-06T10:09:16.828Z] Configuring provider...

[2024-03-06T10:09:16.999Z] Using current context: minikube

[2024-03-06T10:09:19.974Z] Provider configured

[2024-03-06T10:09:19.977Z] Provider status cached

[2024-03-06T10:09:19.979Z] Finished resolving providers (took 3.2 sec)

[2024-03-06T10:09:19.980Z] All provider statuses were cached. Run with --force-refresh to force a refresh of provider statuses.

[2024-03-06T10:09:19.981Z] Resolving actions and modules...

[2024-03-06T10:09:20.002Z] Finished resolving graph (took 0 sec)

[2024-03-06T10:09:20.032Z] Getting status for Deploy wsmfc (type container)...

[2024-03-06T10:09:20.138Z] Status is missing, wsmfc will be deployed

[2024-03-06T10:09:20.141Z] Getting status for Build wsmfc (type container)...

[2024-03-06T10:09:23.277Z] Status is not ready, wsmfc will be built

[2024-03-06T10:09:23.279Z] Building wsmfc (type container) at version v-23a2a2305c...

[2024-03-06T10:09:25.016Z] Building wsmfc:v-65c1f57bae...

[2024-03-06T10:09:40.072Z] Done (took 16.8 sec)

[2024-03-06T10:09:40.074Z] Deploying wsmfc (type container) at version v-896478c28f...

[2024-03-06T10:09:40.642Z] [kubernetes] Waiting for resources to be ready...

[2024-03-06T10:09:42.672Z] [kubernetes] Resources ready

[2024-03-06T10:09:42.696Z] Ingress: http://backend.wsmfc-app.local.demo.garden

[2024-03-06T10:09:42.697Z] Done (took 2.6 sec)

[2024-03-06T10:09:42.770Z] Done! 

[2024-03-06T10:09:43.052Z] 
View command results at: 

https://app.garden.io/go/command/CmR3yoh04F 


[2024-03-06T10:09:43.054Z] 
┈┈┈┈┈┈┈┈┈┈┈┈┈┈┈┈┈┈┈┈┈┈┈┈┈┈┈┈┈┈┈┈┈┈ Command deploy completed successfully! ┈┈┈┈┈┈┈┈┈┈┈┈┈┈┈┈┈┈┈┈┈┈┈┈┈┈┈┈┈┈┈┈┈┈

[2024-03-06T10:13:13.262Z] Resolving providers...

[2024-03-06T10:13:13.269Z] Configuring provider...

[2024-03-06T10:13:13.276Z] Provider configured

[2024-03-06T10:13:13.284Z] Provider status cached

[2024-03-06T10:13:13.288Z] Configuring provider...

[2024-03-06T10:13:13.398Z] Using current context: minikube

[2024-03-06T10:13:16.296Z] Provider configured

[2024-03-06T10:13:16.303Z] Provider status cached

[2024-03-06T10:13:16.308Z] Finished resolving providers (took 3.1 sec)

[2024-03-06T10:13:16.309Z] All provider statuses were cached. Run with --force-refresh to force a refresh of provider statuses.

[2024-03-06T10:13:16.312Z] Resolving actions and modules...

[2024-03-06T10:13:16.640Z] Finished resolving graph (took 0.3 sec)

[2024-03-06T10:13:16.641Z] Finished initializing Garden (took 5.9 sec)


[2024-03-06T12:11:27.139Z] You're already logged in to https://app.garden.io.

[2024-03-06T12:12:32.586Z] Garden server has successfully started at port 9777


[2024-03-06T12:12:33.068Z] 
Connected to the Garden dashboard 
Follow the link below to stream logs, run commands, and more from the Garden dashboard  

https://app.garden.io/go/8A3RfJX8Dz


[2024-03-06T12:12:43.687Z] 
┈┈┈┈┈┈┈┈┈┈┈┈┈┈┈┈┈┈┈┈┈┈┈┈┈┈┈┈┈┈┈┈┈┈┈┈┈┈┈┈┈ Running deploy command... ┈┈┈┈┈┈┈┈┈┈┈┈┈┈┈┈┈┈┈┈┈┈┈┈┈┈┈┈┈┈┈┈┈┈┈┈┈┈┈┈┈

[2024-03-06T12:12:44.269Z] Connecting project...

[2024-03-06T12:12:44.796Z] Ready

[2024-03-06T12:12:45.421Z] View command results at: https://app.garden.io/go/command/TnH2gCNqw1

[2024-03-06T12:12:45.668Z] Resolving providers...

[2024-03-06T12:12:45.905Z] Configuring provider...

[2024-03-06T12:12:45.915Z] Provider configured

[2024-03-06T12:12:45.924Z] Provider ready

[2024-03-06T12:12:45.933Z] Configuring provider...

[2024-03-06T12:12:49.606Z] Using current context: minikube

[2024-03-06T12:12:52.744Z] Provider configured

[2024-03-06T12:12:52.907Z] Ensuring nginx Ingress Controller...

[2024-03-06T12:12:53.082Z] nginx Ingress Controller ready

[2024-03-06T12:12:53.083Z] Provider ready

[2024-03-06T12:12:53.089Z] Finished resolving providers (took 7.4 sec)

[2024-03-06T12:12:53.090Z] Resolving actions and modules...

[2024-03-06T12:12:53.429Z] Finished resolving graph (took 0.3 sec)

[2024-03-06T12:12:53.461Z] Getting status for Deploy wsmfc (type container)...

[2024-03-06T12:12:53.537Z] Status is outdated, wsmfc will be deployed

[2024-03-06T12:12:53.539Z] Getting status for Build wsmfc (type container)...

[2024-03-06T12:12:56.484Z] Status is not ready, wsmfc will be built

[2024-03-06T12:12:56.486Z] Building wsmfc (type container) at version v-f7486b3f09...

[2024-03-06T12:12:57.940Z] Building wsmfc:v-9bc970e2cb...

[2024-03-06T12:13:03.488Z] Done (took 7 sec)

[2024-03-06T12:13:03.490Z] Deploying wsmfc (type container) at version v-f5a5fded06...

[2024-03-06T12:13:04.165Z] [kubernetes] Waiting for resources to be ready...

[2024-03-06T12:13:06.269Z] [kubernetes] Deployment/wsmfc: Pulling image "wsmfc:v-9bc970e2cb"

[2024-03-06T12:13:08.867Z] Failed (took 5.4 sec)

[2024-03-06T12:13:09.150Z] 
View command results at: 

https://app.garden.io/go/command/TnH2gCNqw1 


[2024-03-06T12:13:09.152Z] 1 requested deploy action(s) failed!

[2024-03-06T12:13:09.153Z] 
See .garden/error.log for detailed error message

[2024-03-06T12:13:09.154Z] ┈┈┈┈┈┈┈┈┈┈┈┈┈┈┈┈┈┈┈┈┈┈┈┈┈┈┈┈┈┈┈┈┈┈┈┈┈┈┈┈┈┈┈┈┈┈┈┈┈┈┈┈┈┈┈┈┈┈┈┈┈┈┈┈┈┈┈┈┈┈┈┈┈┈┈┈┈┈┈┈┈┈┈┈┈┈┈┈┈┈┈┈┈┈┈┈┈┈┈┈┈┈┈┈┈┈┈┈

[2024-03-06T12:25:37.716Z] 
┈┈┈┈┈┈┈┈┈┈┈┈┈┈┈┈┈┈┈┈┈┈┈┈┈┈┈┈┈┈┈┈┈┈┈┈┈┈┈┈┈ Running deploy command... ┈┈┈┈┈┈┈┈┈┈┈┈┈┈┈┈┈┈┈┈┈┈┈┈┈┈┈┈┈┈┈┈┈┈┈┈┈┈┈┈┈

[2024-03-06T12:25:38.721Z] View command results at: https://app.garden.io/go/command/wjTVSq2Lbq

[2024-03-06T12:25:38.723Z] Resolving actions and modules...

[2024-03-06T12:25:39.099Z] Finished resolving graph (took 0.4 sec)

[2024-03-06T12:25:39.113Z] Getting status for Deploy wsmfc (type container)...

[2024-03-06T12:25:39.218Z] Status is unhealthy, wsmfc will be deployed

[2024-03-06T12:25:39.219Z] Getting status for Build wsmfc (type container)...

[2024-03-06T12:25:39.318Z] Status is not ready, wsmfc will be built

[2024-03-06T12:25:39.319Z] Building wsmfc (type container) at version v-cdfbe8dae5...

[2024-03-06T12:25:39.573Z] Building wsmfc:v-982d52f5a2...

[2024-03-06T12:25:42.815Z] Done (took 3.5 sec)

[2024-03-06T12:25:42.817Z] Deploying wsmfc (type container) at version v-8336b07ccb...

[2024-03-06T12:25:43.385Z] [kubernetes] Waiting for resources to be ready...

[2024-03-06T12:25:45.482Z] [kubernetes] Deployment/wsmfc: Pulling image "wsmfc:v-982d52f5a2"

[2024-03-06T12:25:48.052Z] [kubernetes] Deployment/wsmfc: Error: ErrImagePull

[2024-03-06T12:25:51.148Z] Failed (took 8.3 sec)

[2024-03-06T12:25:51.428Z] 
View command results at: 

https://app.garden.io/go/command/wjTVSq2Lbq 


[2024-03-06T12:25:51.429Z] 1 requested deploy action(s) failed!

[2024-03-06T12:25:51.429Z] 
See .garden/error.log for detailed error message

[2024-03-06T12:25:51.430Z] ┈┈┈┈┈┈┈┈┈┈┈┈┈┈┈┈┈┈┈┈┈┈┈┈┈┈┈┈┈┈┈┈┈┈┈┈┈┈┈┈┈┈┈┈┈┈┈┈┈┈┈┈┈┈┈┈┈┈┈┈┈┈┈┈┈┈┈┈┈┈┈┈┈┈┈┈┈┈┈┈┈┈┈┈┈┈┈┈┈┈┈┈┈┈┈┈┈┈┈┈┈┈┈┈┈┈┈┈

[2024-03-06T12:31:03.221Z] Garden server has successfully started at port 9777


[2024-03-06T12:31:03.877Z] 
Connected to the Garden dashboard 
Follow the link below to stream logs, run commands, and more from the Garden dashboard  

https://app.garden.io/go/qSVaD5MORN


[2024-03-06T12:31:19.255Z] 
┈┈┈┈┈┈┈┈┈┈┈┈┈┈┈┈┈┈┈┈┈┈┈┈┈┈┈┈┈┈┈┈┈┈┈┈┈┈┈┈┈┈┈┈┈┈┈┈┈ Running deploy command... ┈┈┈┈┈┈┈┈┈┈┈┈┈┈┈┈┈┈┈┈┈┈┈┈┈┈┈┈┈┈┈┈┈┈┈┈┈┈┈┈┈┈┈┈┈┈┈┈┈

[2024-03-06T12:31:19.854Z] Connecting project...

[2024-03-06T12:31:20.381Z] Ready

[2024-03-06T12:31:21.046Z] View command results at: https://app.garden.io/go/command/Y8HDBFu65C

[2024-03-06T12:31:21.235Z] Resolving providers...

[2024-03-06T12:31:21.481Z] Configuring provider...

[2024-03-06T12:31:21.493Z] Provider configured

[2024-03-06T12:31:21.502Z] Provider status cached

[2024-03-06T12:31:21.505Z] Configuring provider...

[2024-03-06T12:31:21.637Z] Using current context: minikube

[2024-03-06T12:31:24.546Z] Provider configured

[2024-03-06T12:31:24.550Z] Provider status cached

[2024-03-06T12:31:24.552Z] Finished resolving providers (took 3.3 sec)

[2024-03-06T12:31:24.553Z] All provider statuses were cached. Run with --force-refresh to force a refresh of provider statuses.

[2024-03-06T12:31:24.554Z] Resolving actions and modules...

[2024-03-06T12:31:24.888Z] Finished resolving graph (took 0.3 sec)

[2024-03-06T12:31:24.910Z] Getting status for Deploy wsmfc (type container)...

[2024-03-06T12:31:25.200Z] Status is unhealthy, wsmfc will be deployed

[2024-03-06T12:31:25.202Z] Getting status for Build wsmfc (type container)...

[2024-03-06T12:31:25.317Z] Already built

[2024-03-06T12:31:25.319Z] Deploying wsmfc (type container) at version v-8336b07ccb...

[2024-03-06T12:31:25.788Z] [kubernetes] Waiting for resources to be ready...

[2024-03-06T12:31:27.907Z] Failed (took 2.6 sec)

[2024-03-06T12:31:28.191Z] 
View command results at: 

https://app.garden.io/go/command/Y8HDBFu65C 


[2024-03-06T12:31:28.192Z] 1 requested deploy action(s) failed!

[2024-03-06T12:31:28.193Z] 
See .garden/error.log for detailed error message

[2024-03-06T12:31:28.194Z] ┈┈┈┈┈┈┈┈┈┈┈┈┈┈┈┈┈┈┈┈┈┈┈┈┈┈┈┈┈┈┈┈┈┈┈┈┈┈┈┈┈┈┈┈┈┈┈┈┈┈┈┈┈┈┈┈┈┈┈┈┈┈┈┈┈┈┈┈┈┈┈┈┈┈┈┈┈┈┈┈┈┈┈┈┈┈┈┈┈┈┈┈┈┈┈┈┈┈┈┈┈┈┈┈┈┈┈┈┈┈┈┈┈┈┈┈┈┈┈┈┈┈┈┈

[2024-03-06T12:32:22.862Z] 
┈┈┈┈┈┈┈┈┈┈┈┈┈┈┈┈┈┈┈┈┈┈┈┈┈┈┈┈┈┈┈┈┈┈┈┈┈┈┈┈┈┈┈┈┈┈┈┈┈ Running deploy command... ┈┈┈┈┈┈┈┈┈┈┈┈┈┈┈┈┈┈┈┈┈┈┈┈┈┈┈┈┈┈┈┈┈┈┈┈┈┈┈┈┈┈┈┈┈┈┈┈┈

[2024-03-06T12:32:23.696Z] View command results at: https://app.garden.io/go/command/VZaYGbFldJ

[2024-03-06T12:32:23.699Z] Resolving actions and modules...

[2024-03-06T12:32:24.091Z] Finished resolving graph (took 0.4 sec)

[2024-03-06T12:32:24.106Z] Getting status for Deploy wsmfc (type container)...

[2024-03-06T12:32:24.200Z] Status is unhealthy, wsmfc will be deployed

[2024-03-06T12:32:24.201Z] Getting status for Build wsmfc (type container)...

[2024-03-06T12:32:24.304Z] Status is not ready, wsmfc will be built

[2024-03-06T12:32:24.305Z] Building wsmfc (type container) at version v-ea08aa7883...

[2024-03-06T12:32:24.898Z] Building wsmfc:v-77bda535e7...

[2024-03-06T12:32:27.943Z] Done (took 3.6 sec)

[2024-03-06T12:32:27.945Z] Deploying wsmfc (type container) at version v-0cf78c21b9...

[2024-03-06T12:32:28.525Z] [kubernetes] Waiting for resources to be ready...

[2024-03-06T12:32:30.614Z] [kubernetes] Deployment/wsmfc: Pulling image "wsmfc:v-77bda535e7"

[2024-03-06T12:32:33.205Z] Failed (took 5.3 sec)

[2024-03-06T12:32:33.477Z] 
View command results at: 

https://app.garden.io/go/command/VZaYGbFldJ 


[2024-03-06T12:32:33.478Z] 1 requested deploy action(s) failed!

[2024-03-06T12:32:33.479Z] 
See .garden/error.log for detailed error message

[2024-03-06T12:32:33.480Z] ┈┈┈┈┈┈┈┈┈┈┈┈┈┈┈┈┈┈┈┈┈┈┈┈┈┈┈┈┈┈┈┈┈┈┈┈┈┈┈┈┈┈┈┈┈┈┈┈┈┈┈┈┈┈┈┈┈┈┈┈┈┈┈┈┈┈┈┈┈┈┈┈┈┈┈┈┈┈┈┈┈┈┈┈┈┈┈┈┈┈┈┈┈┈┈┈┈┈┈┈┈┈┈┈┈┈┈┈┈┈┈┈┈┈┈┈┈┈┈┈┈┈┈┈

[2024-03-06T18:45:04.895Z] You're already logged in to https://app.garden.io.

[2024-03-06T18:45:17.121Z] Garden server has successfully started at port 9777


[2024-03-06T18:45:17.680Z] 
Connected to the Garden dashboard 
Follow the link below to stream logs, run commands, and more from the Garden dashboard  

https://app.garden.io/go/Ar2VoeIyI9


[2024-03-06T18:45:23.362Z] 
┈┈┈┈┈┈┈┈┈┈┈┈┈┈┈┈┈┈┈┈┈┈┈┈┈┈┈┈┈┈┈┈┈┈┈┈┈┈┈┈┈┈┈┈┈┈ Running deploy command... ┈┈┈┈┈┈┈┈┈┈┈┈┈┈┈┈┈┈┈┈┈┈┈┈┈┈┈┈┈┈┈┈┈┈┈┈┈┈┈┈┈┈┈┈┈┈

[2024-03-06T18:45:24.313Z] Connecting project...

[2024-03-06T18:45:24.914Z] Ready

[2024-03-06T18:45:26.180Z] View command results at: https://app.garden.io/go/command/1A9qa52z3v

[2024-03-06T18:45:26.409Z] Resolving providers...

[2024-03-06T18:45:26.835Z] Configuring provider...

[2024-03-06T18:45:26.880Z] Provider configured

[2024-03-06T18:45:26.909Z] Provider ready

[2024-03-06T18:45:26.927Z] Configuring provider...

[2024-03-06T18:45:32.199Z] Using current context: minikube

[2024-03-06T18:45:42.456Z] Failed resolving one or more providers:
- local-kubernetes

[2024-03-06T18:45:42.461Z] ┈┈┈┈┈┈┈┈┈┈┈┈┈┈┈┈┈┈┈┈┈┈┈┈┈┈┈┈┈┈┈┈┈┈┈┈┈┈┈┈┈┈┈┈┈┈┈┈┈┈┈┈┈┈┈┈┈┈┈┈┈┈┈┈┈┈┈┈┈┈┈┈┈┈┈┈┈┈┈┈┈┈┈┈┈┈┈┈┈┈┈┈┈┈┈┈┈┈┈┈┈┈┈┈┈┈┈┈┈┈┈┈┈┈┈┈┈┈

[2024-03-06T18:46:46.902Z] 
┈┈┈┈┈┈┈┈┈┈┈┈┈┈┈┈┈┈┈┈┈┈┈┈┈┈┈┈┈┈┈┈┈┈┈┈┈┈┈┈┈┈┈┈┈┈ Running deploy command... ┈┈┈┈┈┈┈┈┈┈┈┈┈┈┈┈┈┈┈┈┈┈┈┈┈┈┈┈┈┈┈┈┈┈┈┈┈┈┈┈┈┈┈┈┈┈

[2024-03-06T18:46:48.341Z] View command results at: https://app.garden.io/go/command/dbouyLlRxb

[2024-03-06T18:46:48.344Z] Resolving providers...

[2024-03-06T18:46:48.417Z] Configuring provider...

[2024-03-06T18:46:48.434Z] Provider configured

[2024-03-06T18:46:48.443Z] Configuring provider...

[2024-03-06T18:46:48.447Z] Provider status cached

[2024-03-06T18:46:48.616Z] Using current context: minikube

[2024-03-06T18:46:57.226Z] Provider configured

[2024-03-06T18:46:57.496Z] Ensuring nginx Ingress Controller...

[2024-03-06T18:46:57.811Z] nginx Ingress Controller ready

[2024-03-06T18:46:57.812Z] Provider ready

[2024-03-06T18:46:57.820Z] Finished resolving providers (took 9.5 sec)

[2024-03-06T18:46:57.821Z] Some provider statuses were cached. Run with --force-refresh to force a refresh of provider statuses.

[2024-03-06T18:46:57.823Z] Resolving actions and modules...

[2024-03-06T18:46:58.353Z] Finished resolving graph (took 0.5 sec)

[2024-03-06T18:46:58.408Z] Getting status for Deploy wsmfc (type container)...

[2024-03-06T18:46:58.638Z] Status is unhealthy, wsmfc will be deployed

[2024-03-06T18:46:58.641Z] Getting status for Build wsmfc (type container)...

[2024-03-06T18:47:02.650Z] Status is not ready, wsmfc will be built

[2024-03-06T18:47:02.654Z] Building wsmfc (type container) at version v-f10632018a...

[2024-03-06T18:47:06.141Z] Building wsmfc:v-2aa65eb004...

[2024-03-06T18:47:14.557Z] Done (took 11.9 sec)

[2024-03-06T18:47:14.559Z] Deploying wsmfc (type container) at version v-26d8f8e527...

[2024-03-06T18:47:15.704Z] [kubernetes] Waiting for resources to be ready...

[2024-03-06T18:47:17.819Z] [kubernetes] Deployment/wsmfc: Pulling image "wsmfc:v-2aa65eb004"

[2024-03-06T18:47:20.448Z] [kubernetes] Deployment/wsmfc: Error: ErrImagePull

[2024-03-06T18:47:23.636Z] Failed (took 9.1 sec)

[2024-03-06T18:47:24.333Z] 
View command results at: 

https://app.garden.io/go/command/dbouyLlRxb 


[2024-03-06T18:47:24.335Z] 1 requested deploy action(s) failed!

[2024-03-06T18:47:24.336Z] 
See .garden/error.log for detailed error message

[2024-03-06T18:47:24.350Z] ┈┈┈┈┈┈┈┈┈┈┈┈┈┈┈┈┈┈┈┈┈┈┈┈┈┈┈┈┈┈┈┈┈┈┈┈┈┈┈┈┈┈┈┈┈┈┈┈┈┈┈┈┈┈┈┈┈┈┈┈┈┈┈┈┈┈┈┈┈┈┈┈┈┈┈┈┈┈┈┈┈┈┈┈┈┈┈┈┈┈┈┈┈┈┈┈┈┈┈┈┈┈┈┈┈┈┈┈┈┈┈┈┈┈┈┈┈┈

[2024-03-06T18:49:10.564Z] Config change detected. Project will be reloaded when the next command is run.

[2024-03-06T18:50:10.474Z] 
┈┈┈┈┈┈┈┈┈┈┈┈┈┈┈┈┈┈┈┈┈┈┈┈┈┈┈┈┈┈┈┈┈┈┈┈┈┈┈┈┈┈┈┈┈┈ Running deploy command... ┈┈┈┈┈┈┈┈┈┈┈┈┈┈┈┈┈┈┈┈┈┈┈┈┈┈┈┈┈┈┈┈┈┈┈┈┈┈┈┈┈┈┈┈┈┈

[2024-03-06T18:50:11.423Z] Connecting project...

[2024-03-06T18:50:11.981Z] Ready

[2024-03-06T18:50:12.388Z] View command results at: https://app.garden.io/go/command/cVO2sugbEs

[2024-03-06T18:50:12.881Z] Resolving providers...

[2024-03-06T18:50:12.956Z] Configuring provider...

[2024-03-06T18:50:12.964Z] Provider configured

[2024-03-06T18:50:12.980Z] Configuring provider...

[2024-03-06T18:50:12.985Z] Provider status cached

[2024-03-06T18:50:13.158Z] Using current context: minikube

[2024-03-06T18:50:20.942Z] Provider configured

[2024-03-06T18:50:20.949Z] Provider status cached

[2024-03-06T18:50:20.952Z] Finished resolving providers (took 8.1 sec)

[2024-03-06T18:50:20.954Z] All provider statuses were cached. Run with --force-refresh to force a refresh of provider statuses.

[2024-03-06T18:50:20.956Z] Resolving actions and modules...

[2024-03-06T18:50:20.982Z] Finished resolving graph (took 0 sec)

[2024-03-06T18:50:21.008Z] Getting status for Deploy w2 (type container)...

[2024-03-06T18:50:21.085Z] Status is missing, w2 will be deployed

[2024-03-06T18:50:21.088Z] Getting status for Build w2 (type container)...

[2024-03-06T18:50:21.232Z] Status is not ready, w2 will be built

[2024-03-06T18:50:21.234Z] Building w2 (type container) at version v-df83f85b70...

[2024-03-06T18:50:21.899Z] Building w2:v-d761527041...

[2024-03-06T18:50:24.642Z] Done (took 3.4 sec)

[2024-03-06T18:50:24.644Z] Deploying w2 (type container) at version v-0e2c5f0702...

[2024-03-06T18:50:25.254Z] [kubernetes] Waiting for resources to be ready...

[2024-03-06T18:50:27.384Z] [kubernetes] Deployment/w2: Pulling image "w2:v-d761527041"

[2024-03-06T18:50:30.011Z] [kubernetes] Deployment/w2: Error: ErrImagePull

[2024-03-06T18:50:33.181Z] Failed (took 8.5 sec)

[2024-03-06T18:50:33.456Z] 
View command results at: 

https://app.garden.io/go/command/cVO2sugbEs 


[2024-03-06T18:50:33.458Z] 1 requested deploy action(s) failed!

[2024-03-06T18:50:33.460Z] 
See .garden/error.log for detailed error message

[2024-03-06T18:50:33.462Z] ┈┈┈┈┈┈┈┈┈┈┈┈┈┈┈┈┈┈┈┈┈┈┈┈┈┈┈┈┈┈┈┈┈┈┈┈┈┈┈┈┈┈┈┈┈┈┈┈┈┈┈┈┈┈┈┈┈┈┈┈┈┈┈┈┈┈┈┈┈┈┈┈┈┈┈┈┈┈┈┈┈┈┈┈┈┈┈┈┈┈┈┈┈┈┈┈┈┈┈┈┈┈┈┈┈┈┈┈┈┈┈┈┈┈┈┈┈┈

[2024-03-06T18:55:08.105Z] Config change detected. Project will be reloaded when the next command is run.

[2024-03-06T18:56:04.904Z] 
┈┈┈┈┈┈┈┈┈┈┈┈┈┈┈┈┈┈┈┈┈┈┈┈┈┈┈┈┈┈┈┈┈┈┈┈┈┈┈┈┈┈┈┈┈┈ Running deploy command... ┈┈┈┈┈┈┈┈┈┈┈┈┈┈┈┈┈┈┈┈┈┈┈┈┈┈┈┈┈┈┈┈┈┈┈┈┈┈┈┈┈┈┈┈┈┈

[2024-03-06T18:56:05.826Z] Connecting project...

[2024-03-06T18:56:06.378Z] Ready

[2024-03-06T18:56:06.792Z] View command results at: https://app.garden.io/go/command/MlKfHU63Zv

[2024-03-06T18:56:07.269Z] Resolving providers...

[2024-03-06T18:56:07.345Z] Configuring provider...

[2024-03-06T18:56:07.356Z] Provider configured

[2024-03-06T18:56:07.365Z] Configuring provider...

[2024-03-06T18:56:07.369Z] Provider status cached

[2024-03-06T18:56:07.556Z] Using current context: minikube

[2024-03-06T18:56:15.367Z] Provider configured

[2024-03-06T18:56:15.372Z] Provider status cached

[2024-03-06T18:56:15.374Z] Finished resolving providers (took 8.1 sec)

[2024-03-06T18:56:15.375Z] All provider statuses were cached. Run with --force-refresh to force a refresh of provider statuses.

[2024-03-06T18:56:15.376Z] Resolving actions and modules...

[2024-03-06T18:56:15.931Z] Error validating container Build w2 'w2':

...
69  | type: container
70  | workspace: ./
-----------------^
key "workspace" is not allowed at path [workspace]
...
72  | steps:
73  |   - name: build
74  |     image: python:3.9-slim
75  |     commands:
76  |       - pip install --no-cache-dir -r requirements.txt
77  |       # Add any additional build steps here
78  | 
79  |   - name: tag
80  |     image: alpine/git
81  |     commands:
82  |       - git tag ${var.image-tag}  # Tag the image with the specified tag
83  |       - echo ${var.image-tag} > tag.txt  # Save the tag to a file
--------^
key "steps" is not allowed at path [steps]
...
85  | outputs:
86  |   deploymentImageTag:
87  |     path: tag.txt
--------^
key "outputs" is not allowed at path [outputs]. Available keys: apiVersion, type, name, description, internal, source, dependencies, disabled, environments, variables, varfiles, spec, kind, allowPublish, buildAtSource, copyFrom, include, exclude, timeout)

[2024-03-06T18:56:15.933Z] ┈┈┈┈┈┈┈┈┈┈┈┈┈┈┈┈┈┈┈┈┈┈┈┈┈┈┈┈┈┈┈┈┈┈┈┈┈┈┈┈┈┈┈┈┈┈┈┈┈┈┈┈┈┈┈┈┈┈┈┈┈┈┈┈┈┈┈┈┈┈┈┈┈┈┈┈┈┈┈┈┈┈┈┈┈┈┈┈┈┈┈┈┈┈┈┈┈┈┈┈┈┈┈┈┈┈┈┈┈┈┈┈┈┈┈┈┈┈
