
[2024-03-06T09:56:20.573Z] Not a project directory (or any of the parent directories): C:\Users\101798\OneDrive - UNIPHORE SOFTWARE SYSTEMS PVT LTD\withoutStoring_mand_folder - Copy

[2024-03-06T10:05:20.156Z] Path C:\Users\101798\OneDrive - UNIPHORE SOFTWARE SYSTEMS PVT LTD\withoutStoring_mand_folder - Copy is not in a git repository root. Garden must be run from within a git repo. Please run `git init` if you're starting a new project and repository, or move the project to an existing repository, and try again.

[2024-03-06T10:07:48.538Z] Error validating container Deploy wsmfc 'wsmfc':

...
24  | type: container
25  | dependencies: ["wsmfc.hello"]
---------------------^
Could not parse "wsmfc.hello" as a valid action reference. An action reference should be a "<kind>.<name>" string, where <kind> is one of 'build', 'deploy', 'run' or 'test' and <name> is a valid name of an action. You may also specify an object with separate kind and name fields.

[2024-03-06T10:07:48.540Z] ┈┈┈┈┈┈┈┈┈┈┈┈┈┈┈┈┈┈┈┈┈┈┈┈┈┈┈┈┈┈┈┈┈┈┈┈┈┈┈┈┈┈┈┈┈┈┈┈┈┈┈┈┈┈┈┈┈┈┈┈┈┈┈┈┈┈┈┈┈┈┈┈┈┈┈┈┈┈┈┈┈┈┈┈┈┈┈┈┈┈┈┈┈┈┈┈┈┈┈┈┈┈┈┈┈┈┈┈

[2024-03-06T12:13:08.866Z] Failed (took 5.4 sec)

[2024-03-06T12:13:09.152Z] 1 requested deploy action(s) failed!

[2024-03-06T12:13:09.154Z] ┈┈┈┈┈┈┈┈┈┈┈┈┈┈┈┈┈┈┈┈┈┈┈┈┈┈┈┈┈┈┈┈┈┈┈┈┈┈┈┈┈┈┈┈┈┈┈┈┈┈┈┈┈┈┈┈┈┈┈┈┈┈┈┈┈┈┈┈┈┈┈┈┈┈┈┈┈┈┈┈┈┈┈┈┈┈┈┈┈┈┈┈┈┈┈┈┈┈┈┈┈┈┈┈┈┈┈┈

[2024-03-06T12:25:51.148Z] Failed (took 8.3 sec)

[2024-03-06T12:25:51.429Z] 1 requested deploy action(s) failed!

[2024-03-06T12:25:51.430Z] ┈┈┈┈┈┈┈┈┈┈┈┈┈┈┈┈┈┈┈┈┈┈┈┈┈┈┈┈┈┈┈┈┈┈┈┈┈┈┈┈┈┈┈┈┈┈┈┈┈┈┈┈┈┈┈┈┈┈┈┈┈┈┈┈┈┈┈┈┈┈┈┈┈┈┈┈┈┈┈┈┈┈┈┈┈┈┈┈┈┈┈┈┈┈┈┈┈┈┈┈┈┈┈┈┈┈┈┈

[2024-03-06T12:31:27.907Z] Failed (took 2.6 sec)

[2024-03-06T12:31:28.192Z] 1 requested deploy action(s) failed!

[2024-03-06T12:31:28.194Z] ┈┈┈┈┈┈┈┈┈┈┈┈┈┈┈┈┈┈┈┈┈┈┈┈┈┈┈┈┈┈┈┈┈┈┈┈┈┈┈┈┈┈┈┈┈┈┈┈┈┈┈┈┈┈┈┈┈┈┈┈┈┈┈┈┈┈┈┈┈┈┈┈┈┈┈┈┈┈┈┈┈┈┈┈┈┈┈┈┈┈┈┈┈┈┈┈┈┈┈┈┈┈┈┈┈┈┈┈┈┈┈┈┈┈┈┈┈┈┈┈┈┈┈┈

[2024-03-06T12:32:33.205Z] Failed (took 5.3 sec)

[2024-03-06T12:32:33.478Z] 1 requested deploy action(s) failed!

[2024-03-06T12:32:33.480Z] ┈┈┈┈┈┈┈┈┈┈┈┈┈┈┈┈┈┈┈┈┈┈┈┈┈┈┈┈┈┈┈┈┈┈┈┈┈┈┈┈┈┈┈┈┈┈┈┈┈┈┈┈┈┈┈┈┈┈┈┈┈┈┈┈┈┈┈┈┈┈┈┈┈┈┈┈┈┈┈┈┈┈┈┈┈┈┈┈┈┈┈┈┈┈┈┈┈┈┈┈┈┈┈┈┈┈┈┈┈┈┈┈┈┈┈┈┈┈┈┈┈┈┈┈

[2024-03-06T18:45:42.456Z] Failed resolving one or more providers:
- local-kubernetes

[2024-03-06T18:45:42.460Z] ┈┈┈┈┈┈┈┈┈┈┈┈┈┈┈┈┈┈┈┈┈┈┈┈┈┈┈┈┈┈┈┈┈┈┈┈┈┈┈┈┈┈┈┈┈┈┈┈┈┈┈┈┈┈┈┈┈┈┈┈┈┈┈┈┈┈┈┈┈┈┈┈┈┈┈┈┈┈┈┈┈┈┈┈┈┈┈┈┈┈┈┈┈┈┈┈┈┈┈┈┈┈┈┈┈┈┈┈┈┈┈┈┈┈┈┈┈┈

[2024-03-06T18:47:23.636Z] Failed (took 9.1 sec)

[2024-03-06T18:47:24.335Z] 1 requested deploy action(s) failed!

[2024-03-06T18:47:24.350Z] ┈┈┈┈┈┈┈┈┈┈┈┈┈┈┈┈┈┈┈┈┈┈┈┈┈┈┈┈┈┈┈┈┈┈┈┈┈┈┈┈┈┈┈┈┈┈┈┈┈┈┈┈┈┈┈┈┈┈┈┈┈┈┈┈┈┈┈┈┈┈┈┈┈┈┈┈┈┈┈┈┈┈┈┈┈┈┈┈┈┈┈┈┈┈┈┈┈┈┈┈┈┈┈┈┈┈┈┈┈┈┈┈┈┈┈┈┈┈

[2024-03-06T18:50:33.181Z] Failed (took 8.5 sec)

[2024-03-06T18:50:33.458Z] 1 requested deploy action(s) failed!

[2024-03-06T18:50:33.462Z] ┈┈┈┈┈┈┈┈┈┈┈┈┈┈┈┈┈┈┈┈┈┈┈┈┈┈┈┈┈┈┈┈┈┈┈┈┈┈┈┈┈┈┈┈┈┈┈┈┈┈┈┈┈┈┈┈┈┈┈┈┈┈┈┈┈┈┈┈┈┈┈┈┈┈┈┈┈┈┈┈┈┈┈┈┈┈┈┈┈┈┈┈┈┈┈┈┈┈┈┈┈┈┈┈┈┈┈┈┈┈┈┈┈┈┈┈┈┈

[2024-03-06T18:56:15.930Z] Error validating container Build w2 'w2':

...
69  | type: container
70  | workspace: ./
-----------------^
key "workspace" is not allowed at path [workspace]
...
72  | steps:
73  |   - name: build
74  |     image: python:3.9-slim
75  |     commands:
76  |       - pip install --no-cache-dir -r requirements.txt
77  |       # Add any additional build steps here
78  | 
79  |   - name: tag
80  |     image: alpine/git
81  |     commands:
82  |       - git tag ${var.image-tag}  # Tag the image with the specified tag
83  |       - echo ${var.image-tag} > tag.txt  # Save the tag to a file
--------^
key "steps" is not allowed at path [steps]
...
85  | outputs:
86  |   deploymentImageTag:
87  |     path: tag.txt
--------^
key "outputs" is not allowed at path [outputs]. Available keys: apiVersion, type, name, description, internal, source, dependencies, disabled, environments, variables, varfiles, spec, kind, allowPublish, buildAtSource, copyFrom, include, exclude, timeout)

[2024-03-06T18:56:15.933Z] ┈┈┈┈┈┈┈┈┈┈┈┈┈┈┈┈┈┈┈┈┈┈┈┈┈┈┈┈┈┈┈┈┈┈┈┈┈┈┈┈┈┈┈┈┈┈┈┈┈┈┈┈┈┈┈┈┈┈┈┈┈┈┈┈┈┈┈┈┈┈┈┈┈┈┈┈┈┈┈┈┈┈┈┈┈┈┈┈┈┈┈┈┈┈┈┈┈┈┈┈┈┈┈┈┈┈┈┈┈┈┈┈┈┈┈┈┈┈
